<?xml version="1.0" encoding="UTF-8"?>
<!-- Generated by org.testng.reporters.JUnitReportReporter -->
<testsuite hostname="DESKTOP-HAJBG61" failures="0" tests="1" name="com.qa.test.DemoTestClass" time="0.022" errors="0" timestamp="2022-06-24T09:06:08 IST" skipped="0">
  <testcase classname="com.qa.test.DemoTestClass" name="sum" time="0.022"/>
  <system-out/>
</testsuite> <!-- com.qa.test.DemoTestClass -->
